<?xml version="1.0" encoding="UTF-8"?>
<testsuites name="Mocha Tests" time="156.583" tests="11" failures="10">
  <testsuite name="Root Suite" timestamp="2023-01-14T03:49:55" tests="0" file="specs/homePageSpec.js" time="0.000" failures="0">
  </testsuite>
  <testsuite name="XFlix" timestamp="2023-01-14T03:49:55" tests="11" time="156.517" failures="10">
    <testcase name="XFlix should display 5 genre buttons on a row" time="5.413" classname="should display 5 genre buttons on a row">
      <failure message="Timed out retrying after 4000ms: Expected to find element: `.genre-btn`, but never found it." type="AssertionError"><![CDATA[AssertionError: Timed out retrying after 4000ms: Expected to find element: `.genre-btn`, but never found it.
    at Context.eval (http://localhost:8081/__cypress/tests?p=specs/homePageSpec.js:331:31)]]></failure>
    </testcase>
    <testcase name="XFlix should display 5 content rating buttons on a row" time="4.888" classname="should display 5 content rating buttons on a row">
      <failure message="Timed out retrying after 4000ms: Expected to find element: `.content-rating-btn`, but never found it." type="AssertionError"><![CDATA[AssertionError: Timed out retrying after 4000ms: Expected to find element: `.content-rating-btn`, but never found it.
    at Context.eval (http://localhost:8081/__cypress/tests?p=specs/homePageSpec.js:334:39)]]></failure>
    </testcase>
    <testcase name="XFlix should not have same parent for genre and content rating buttons" time="4.983" classname="should not have same parent for genre and content rating buttons">
      <failure message="Timed out retrying after 4000ms: Expected to find element: `.genre-btn`, but never found it." type="AssertionError"><![CDATA[AssertionError: Timed out retrying after 4000ms: Expected to find element: `.genre-btn`, but never found it.
    at Object.genre (http://localhost:8081/__cypress/tests?p=specs/homePageSpec.js:229:15)
    at Context.eval (http://localhost:8081/__cypress/tests?p=specs/homePageSpec.js:337:23)]]></failure>
    </testcase>
    <testcase name="XFlix should not have &quot;View Count&quot; option selected in sort by dropdown on page load" time="4.966" classname="should not have &quot;View Count&quot; option selected in sort by dropdown on page load">
      <failure message="Timed out retrying after 4000ms: Expected to find element: `#view-count-option`, but never found it." type="AssertionError"><![CDATA[AssertionError: Timed out retrying after 4000ms: Expected to find element: `#view-count-option`, but never found it.
    at Context.eval (http://localhost:8081/__cypress/tests?p=specs/homePageSpec.js:340:35)]]></failure>
    </testcase>
    <testcase name="XFlix should have &quot;Release Date&quot; option selected in sort by dropdown on page load" time="4.979" classname="should have &quot;Release Date&quot; option selected in sort by dropdown on page load">
      <failure message="Timed out retrying after 4000ms: Expected to find element: `#release-date-option`, but never found it." type="AssertionError"><![CDATA[AssertionError: Timed out retrying after 4000ms: Expected to find element: `#release-date-option`, but never found it.
    at Context.eval (http://localhost:8081/__cypress/tests?p=specs/homePageSpec.js:343:37)]]></failure>
    </testcase>
    <testcase name="XFlix should have &quot;View Count&quot; option selectable after clicking on the sort by dropdown" time="5.230" classname="should have &quot;View Count&quot; option selectable after clicking on the sort by dropdown">
      <failure message="Timed out retrying after 4000ms: Expected to find element: `.sort-select`, but never found it." type="AssertionError"><![CDATA[AssertionError: Timed out retrying after 4000ms: Expected to find element: `.sort-select`, but never found it.
    at Object.sortBy (http://localhost:8081/__cypress/tests?p=specs/homePageSpec.js:245:15)
    at Context.eval (http://localhost:8081/__cypress/tests?p=specs/homePageSpec.js:346:23)]]></failure>
    </testcase>
    <testcase name="XFlix should have &quot;Upload&quot; button on landing page on load" time="0.488" classname="should have &quot;Upload&quot; button on landing page on load">
    </testcase>
    <testcase name="XFlix should open video modal with &quot;Submit&quot; and &quot;Cancel&quot; buttons, on clicking &quot;Upload&quot; button" time="5.139" classname="should open video modal with &quot;Submit&quot; and &quot;Cancel&quot; buttons, on clicking &quot;Upload&quot; button">
      <failure message="Timed out retrying after 4000ms: Expected to find element: `#upload-btn`, but never found it." type="AssertionError"><![CDATA[AssertionError: Timed out retrying after 4000ms: Expected to find element: `#upload-btn`, but never found it.
    at Object.uploadButton (http://localhost:8081/__cypress/tests?p=specs/homePageSpec.js:261:15)
    at Context.eval (http://localhost:8081/__cypress/tests?p=specs/homePageSpec.js:356:23)]]></failure>
    </testcase>
    <testcase name="XFlix should open video modal on clicking &quot;Upload&quot; button and close it on clicking &quot;Cancel&quot; button in the modal" time="5.210" classname="should open video modal on clicking &quot;Upload&quot; button and close it on clicking &quot;Cancel&quot; button in the modal">
      <failure message="Timed out retrying after 4000ms: Expected to find element: `#upload-btn`, but never found it." type="AssertionError"><![CDATA[AssertionError: Timed out retrying after 4000ms: Expected to find element: `#upload-btn`, but never found it.
    at Object.uploadButton (http://localhost:8081/__cypress/tests?p=specs/homePageSpec.js:261:15)
    at Context.eval (http://localhost:8081/__cypress/tests?p=specs/homePageSpec.js:365:23)]]></failure>
    </testcase>
    <testcase name="XFlix should have at least 10 links (with class &quot;video-tile-link&quot;) to different videos on page load." time="5.148" classname="should have at least 10 links (with class &quot;video-tile-link&quot;) to different videos on page load.">
      <failure message="Timed out retrying after 4000ms: Expected to find element: `.video-tile-link`, but never found it." type="AssertionError"><![CDATA[AssertionError: Timed out retrying after 4000ms: Expected to find element: `.video-tile-link`, but never found it.
    at Context.eval (http://localhost:8081/__cypress/tests?p=specs/homePageSpec.js:376:39)]]></failure>
    </testcase>
    <testcase name="XFlix should display the video page on clicking the first video tile (with class &quot;video-tile&quot;) which has a parent element with class &quot;video-tile-link&quot;" time="5.241" classname="should display the video page on clicking the first video tile (with class &quot;video-tile&quot;) which has a parent element with class &quot;video-tile-link&quot;">
      <failure message="Timed out retrying after 4000ms: Expected to find element: `.video-tile-link &gt; .video-tile`, but never found it." type="AssertionError"><![CDATA[AssertionError: Timed out retrying after 4000ms: Expected to find element: `.video-tile-link > .video-tile`, but never found it.
    at Context.eval (http://localhost:8081/__cypress/tests?p=specs/homePageSpec.js:381:19)]]></failure>
    </testcase>
  </testsuite>
</testsuites>